[01m[K/home/raghav/muvu/src/muvu_control/src/move_distance_server.cpp:[m[K In function â€˜[01m[Kbool move(muvu_control::MoveDistance::Request&, muvu_control::MoveDistance::Response&)[m[Kâ€™:
[01m[K/home/raghav/muvu/src/muvu_control/src/move_distance_server.cpp:13:59:[m[K [01;31m[Kerror: [m[Kconversion from â€˜[01m[Kboost::shared_ptr<const nav_msgs::Odometry_<std::allocator<void> > >[m[Kâ€™ to non-scalar type â€˜[01m[Knav_msgs::OdometryPtr {aka boost::shared_ptr<nav_msgs::Odometry_<std::allocator<void> > >}[m[Kâ€™ requested
   nav_msgs::OdometryPtr current_odom=[01;31m[Kros::topic::waitForMessage[m[K
                                      [01;31m[K~~~~~~~~~~~~~~~~~~~~~~~~~~[m[K
 [01;31m[K                                      <nav_msgs::Odometry>(odom_topic)[m[K;
                                       [01;31m[K~~~~~~~~~~~~~~~~~~~~^~~~~~~~~~~~[m[K
make[2]: *** [CMakeFiles/move_distance_server.dir/src/move_distance_server.cpp.o] Error 1
make[1]: *** [CMakeFiles/move_distance_server.dir/all] Error 2
make: *** [all] Error 2
