[01m[K/home/raghav/muvu/src/muvu_control/src/move_distance_server.cpp:10:19:[m[K [01;35m[Kwarning: [m[KISO C++11 requires whitespace after the macro name
 #define move_speed[01;35m[K;[m[K
                   [01;35m[K^[m[K
[01m[K/home/raghav/muvu/src/muvu_control/src/move_distance_server.cpp:20:13:[m[K [01;31m[Kerror: [m[Kâ€˜[01m[KFloat64[m[Kâ€™ in namespace â€˜[01m[Kstd_msgs[m[Kâ€™ does not name a type
   std_msgs::[01;31m[KFloat64[m[K yaw_msg;
             [01;31m[K^~~~~~~[m[K
[01m[K/home/raghav/muvu/src/muvu_control/src/move_distance_server.cpp:[m[K In constructor â€˜[01m[KMover::Mover()[m[Kâ€™:
[01m[K/home/raghav/muvu/src/muvu_control/src/move_distance_server.cpp:30:5:[m[K [01;31m[Kerror: [m[Kâ€˜[01m[Kyaw_publisher[m[Kâ€™ was not declared in this scope
     [01;31m[Kyaw_publisher[m[K = node_handle.advertise
     [01;31m[K^~~~~~~~~~~~~[m[K
[01m[K/home/raghav/muvu/src/muvu_control/src/move_distance_server.cpp:30:5:[m[K [01;36m[Knote: [m[Ksuggested alternative: â€˜[01m[Ktwist_publisher[m[Kâ€™
     [01;36m[Kyaw_publisher[m[K = node_handle.advertise
     [01;36m[K^~~~~~~~~~~~~[m[K
     [32m[Ktwist_publisher[m[K
[01m[K/home/raghav/muvu/src/muvu_control/src/move_distance_server.cpp:31:34:[m[K [01;31m[Kerror: [m[Kâ€˜[01m[KFloat[m[Kâ€™ is not a member of â€˜[01m[Kstd_msgs[m[Kâ€™
                       <std_msgs::[01;31m[KFloat[m[K>("/muvu/yaw", 10);
                                  [01;31m[K^~~~~[m[K
[01m[K/home/raghav/muvu/src/muvu_control/src/move_distance_server.cpp:31:34:[m[K [01;36m[Knote: [m[Ksuggested alternative:
In file included from [01m[K/usr/include/boost/numeric/conversion/bounds.hpp:13:0[m[K,
                 from [01m[K/usr/include/boost/numeric/conversion/detail/converter.hpp:17[m[K,
                 from [01m[K/usr/include/boost/numeric/conversion/converter.hpp:16[m[K,
                 from [01m[K/usr/include/boost/numeric/conversion/cast.hpp:33[m[K,
                 from [01m[K/usr/include/boost/lexical_cast/detail/converter_numeric.hpp:37[m[K,
                 from [01m[K/usr/include/boost/lexical_cast/try_lexical_convert.hpp:41[m[K,
                 from [01m[K/usr/include/boost/lexical_cast.hpp:32[m[K,
                 from [01m[K/opt/ros/melodic/include/ros/transport_hints.h:34[m[K,
                 from [01m[K/opt/ros/melodic/include/ros/subscribe_options.h:33[m[K,
                 from [01m[K/opt/ros/melodic/include/ros/node_handle.h:42[m[K,
                 from [01m[K/opt/ros/melodic/include/ros/ros.h:45[m[K,
                 from [01m[K/home/raghav/muvu/src/muvu_control/src/move_distance_server.cpp:1[m[K:
[01m[K/usr/include/boost/numeric/conversion/detail/bounds.hpp:32:9:[m[K [01;36m[Knote: [m[K  â€˜[01m[Kboost::numeric::boundsdetail::Float[m[Kâ€™
   class [01;36m[KFloat[m[K
         [01;36m[K^~~~~[m[K
[01m[K/home/raghav/muvu/src/muvu_control/src/move_distance_server.cpp:31:34:[m[K [01;31m[Kerror: [m[Kâ€˜[01m[KFloat[m[Kâ€™ is not a member of â€˜[01m[Kstd_msgs[m[Kâ€™
                       <std_msgs::[01;31m[KFloat[m[K>("/muvu/yaw", 10);
                                  [01;31m[K^~~~~[m[K
[01m[K/home/raghav/muvu/src/muvu_control/src/move_distance_server.cpp:31:34:[m[K [01;36m[Knote: [m[Ksuggested alternative:
In file included from [01m[K/usr/include/boost/numeric/conversion/bounds.hpp:13:0[m[K,
                 from [01m[K/usr/include/boost/numeric/conversion/detail/converter.hpp:17[m[K,
                 from [01m[K/usr/include/boost/numeric/conversion/converter.hpp:16[m[K,
                 from [01m[K/usr/include/boost/numeric/conversion/cast.hpp:33[m[K,
                 from [01m[K/usr/include/boost/lexical_cast/detail/converter_numeric.hpp:37[m[K,
                 from [01m[K/usr/include/boost/lexical_cast/try_lexical_convert.hpp:41[m[K,
                 from [01m[K/usr/include/boost/lexical_cast.hpp:32[m[K,
                 from [01m[K/opt/ros/melodic/include/ros/transport_hints.h:34[m[K,
                 from [01m[K/opt/ros/melodic/include/ros/subscribe_options.h:33[m[K,
                 from [01m[K/opt/ros/melodic/include/ros/node_handle.h:42[m[K,
                 from [01m[K/opt/ros/melodic/include/ros/ros.h:45[m[K,
                 from [01m[K/home/raghav/muvu/src/muvu_control/src/move_distance_server.cpp:1[m[K:
[01m[K/usr/include/boost/numeric/conversion/detail/bounds.hpp:32:9:[m[K [01;36m[Knote: [m[K  â€˜[01m[Kboost::numeric::boundsdetail::Float[m[Kâ€™
   class [01;36m[KFloat[m[K
         [01;36m[K^~~~~[m[K
[01m[K/home/raghav/muvu/src/muvu_control/src/move_distance_server.cpp:31:56:[m[K [01;31m[Kerror: [m[Kno matching function for call to â€˜[01m[Kros::NodeHandle::advertise<<expression error> >(const char [10], int)[m[Kâ€™
                       <std_msgs::Float>("/muvu/yaw", 10[01;31m[K)[m[K;
                                                        [01;31m[K^[m[K
In file included from [01m[K/opt/ros/melodic/include/ros/ros.h:45:0[m[K,
                 from [01m[K/home/raghav/muvu/src/muvu_control/src/move_distance_server.cpp:1[m[K:
[01m[K/opt/ros/melodic/include/ros/node_handle.h:249:15:[m[K [01;36m[Knote: [m[Kcandidate: template<class M> ros::Publisher ros::NodeHandle::advertise(const string&, uint32_t, bool)
     Publisher [01;36m[Kadvertise[m[K(const std::string& topic, uint32_t queue_size, bool latch = false)
               [01;36m[K^~~~~~~~~[m[K
[01m[K/opt/ros/melodic/include/ros/node_handle.h:249:15:[m[K [01;36m[Knote: [m[K  template argument deduction/substitution failed:
[01m[K/home/raghav/muvu/src/muvu_control/src/move_distance_server.cpp:31:56:[m[K [01;31m[Kerror: [m[Ktemplate argument 1 is invalid
                       <std_msgs::Float>("/muvu/yaw", 10[01;31m[K)[m[K;
                                                        [01;31m[K^[m[K
In file included from [01m[K/opt/ros/melodic/include/ros/ros.h:45:0[m[K,
                 from [01m[K/home/raghav/muvu/src/muvu_control/src/move_distance_server.cpp:1[m[K:
[01m[K/opt/ros/melodic/include/ros/node_handle.h:315:13:[m[K [01;36m[Knote: [m[Kcandidate: template<class M> ros::Publisher ros::NodeHandle::advertise(const string&, uint32_t, const SubscriberStatusCallback&, const SubscriberStatusCallback&, const VoidConstPtr&, bool)
   Publisher [01;36m[Kadvertise[m[K(const std::string& topic, uint32_t queue_size,
             [01;36m[K^~~~~~~~~[m[K
[01m[K/opt/ros/melodic/include/ros/node_handle.h:315:13:[m[K [01;36m[Knote: [m[K  template argument deduction/substitution failed:
[01m[K/home/raghav/muvu/src/muvu_control/src/move_distance_server.cpp:31:56:[m[K [01;31m[Kerror: [m[Ktemplate argument 1 is invalid
                       <std_msgs::Float>("/muvu/yaw", 10[01;31m[K)[m[K;
                                                        [01;31m[K^[m[K
[01m[K/home/raghav/muvu/src/muvu_control/src/move_distance_server.cpp:[m[K In member function â€˜[01m[Kbool Mover::move(muvu_control::MoveDistance::Request&, muvu_control::MoveDistance::Response&)[m[Kâ€™:
[01m[K/home/raghav/muvu/src/muvu_control/src/move_distance_server.cpp:62:7:[m[K [01;31m[Kerror: [m[Kâ€˜[01m[Kyaw_msg[m[Kâ€™ was not declared in this scope
       [01;31m[Kyaw_msg[m[K.data=orientation[3];
       [01;31m[K^~~~~~~[m[K
[01m[K/home/raghav/muvu/src/muvu_control/src/move_distance_server.cpp:63:7:[m[K [01;31m[Kerror: [m[Kâ€˜[01m[Kyaw_publisher[m[Kâ€™ was not declared in this scope
       [01;31m[Kyaw_publisher[m[K.publish(yaw_msg);
       [01;31m[K^~~~~~~~~~~~~[m[K
[01m[K/home/raghav/muvu/src/muvu_control/src/move_distance_server.cpp:63:7:[m[K [01;36m[Knote: [m[Ksuggested alternative: â€˜[01m[Ktwist_publisher[m[Kâ€™
       [01;36m[Kyaw_publisher[m[K.publish(yaw_msg);
       [01;36m[K^~~~~~~~~~~~~[m[K
       [32m[Ktwist_publisher[m[K
make[2]: *** [CMakeFiles/move_distance_server.dir/src/move_distance_server.cpp.o] Error 1
make[1]: *** [CMakeFiles/move_distance_server.dir/all] Error 2
make: *** [all] Error 2
