[01m[K/home/raghav/muvu/src/muvu_control/src/move_distance_server.cpp:[m[K In member function â€˜[01m[Kbool Mover::move(muvu_control::MoveDistance::Request&, muvu_control::MoveDistance::Response&)[m[Kâ€™:
[01m[K/home/raghav/muvu/src/muvu_control/src/move_distance_server.cpp:32:55:[m[K [01;31m[Kerror: [m[Kâ€˜[01m[Knav_msgs::OdometryConstPtr {aka class boost::shared_ptr<const nav_msgs::Odometry_<std::allocator<void> > >}[m[Kâ€™ has no member named â€˜[01m[Kpose[m[Kâ€™
       std::cout<<request.distance<<"\t"<<current_odom.[01;31m[Kpose[m[K.pose.position.x<<"\t";
                                                       [01;31m[K^~~~[m[K
make[2]: *** [CMakeFiles/move_distance_server.dir/src/move_distance_server.cpp.o] Error 1
make[1]: *** [CMakeFiles/move_distance_server.dir/all] Error 2
make: *** [all] Error 2
