[01m[K/home/raghav/muvu/src/muvu_control/src/move_distance_server.cpp:[m[K In function â€˜[01m[Kbool move(muvu_control::MoveDistance::Request&, muvu_control::MoveDistance::Response&)[m[Kâ€™:
[01m[K/home/raghav/muvu/src/muvu_control/src/move_distance_server.cpp:12:75:[m[K [01;31m[Kerror: [m[Kno matching function for call to â€˜[01m[KwaitForMessage(std::__cxx11::string&)[m[Kâ€™
   nav_msgs::OdometryPtr current_odom=ros::topic::waitForMessage(odom_topic[01;31m[K)[m[K;
                                                                           [01;31m[K^[m[K
In file included from [01m[K/opt/ros/melodic/include/ros/ros.h:55:0[m[K,
                 from [01m[K/home/raghav/muvu/src/muvu_control/src/move_distance_server.cpp:1[m[K:
[01m[K/opt/ros/melodic/include/ros/topic.h:86:28:[m[K [01;36m[Knote: [m[Kcandidate: template<class M> boost::shared_ptr<const M> ros::topic::waitForMessage(const string&, ros::NodeHandle&, ros::Duration)
 boost::shared_ptr<M const> [01;36m[KwaitForMessage[m[K(const std::string& topic, NodeHandle& nh, ros::Duration timeout)
                            [01;36m[K^~~~~~~~~~~~~~[m[K
[01m[K/opt/ros/melodic/include/ros/topic.h:86:28:[m[K [01;36m[Knote: [m[K  template argument deduction/substitution failed:
[01m[K/home/raghav/muvu/src/muvu_control/src/move_distance_server.cpp:12:75:[m[K [01;36m[Knote: [m[K  candidate expects 3 arguments, 1 provided
   nav_msgs::OdometryPtr current_odom=ros::topic::waitForMessage(odom_topic[01;36m[K)[m[K;
                                                                           [01;36m[K^[m[K
In file included from [01m[K/opt/ros/melodic/include/ros/ros.h:55:0[m[K,
                 from [01m[K/home/raghav/muvu/src/muvu_control/src/move_distance_server.cpp:1[m[K:
[01m[K/opt/ros/melodic/include/ros/topic.h:105:28:[m[K [01;36m[Knote: [m[Kcandidate: template<class M> boost::shared_ptr<const M> ros::topic::waitForMessage(const string&)
 boost::shared_ptr<M const> [01;36m[KwaitForMessage[m[K(const std::string& topic)
                            [01;36m[K^~~~~~~~~~~~~~[m[K
[01m[K/opt/ros/melodic/include/ros/topic.h:105:28:[m[K [01;36m[Knote: [m[K  template argument deduction/substitution failed:
[01m[K/home/raghav/muvu/src/muvu_control/src/move_distance_server.cpp:12:75:[m[K [01;36m[Knote: [m[K  couldn't deduce template parameter â€˜[01m[KM[m[Kâ€™
   nav_msgs::OdometryPtr current_odom=ros::topic::waitForMessage(odom_topic[01;36m[K)[m[K;
                                                                           [01;36m[K^[m[K
In file included from [01m[K/opt/ros/melodic/include/ros/ros.h:55:0[m[K,
                 from [01m[K/home/raghav/muvu/src/muvu_control/src/move_distance_server.cpp:1[m[K:
[01m[K/opt/ros/melodic/include/ros/topic.h:120:28:[m[K [01;36m[Knote: [m[Kcandidate: template<class M> boost::shared_ptr<const M> ros::topic::waitForMessage(const string&, ros::Duration)
 boost::shared_ptr<M const> [01;36m[KwaitForMessage[m[K(const std::string& topic, ros::Duration timeout)
                            [01;36m[K^~~~~~~~~~~~~~[m[K
[01m[K/opt/ros/melodic/include/ros/topic.h:120:28:[m[K [01;36m[Knote: [m[K  template argument deduction/substitution failed:
[01m[K/home/raghav/muvu/src/muvu_control/src/move_distance_server.cpp:12:75:[m[K [01;36m[Knote: [m[K  candidate expects 2 arguments, 1 provided
   nav_msgs::OdometryPtr current_odom=ros::topic::waitForMessage(odom_topic[01;36m[K)[m[K;
                                                                           [01;36m[K^[m[K
In file included from [01m[K/opt/ros/melodic/include/ros/ros.h:55:0[m[K,
                 from [01m[K/home/raghav/muvu/src/muvu_control/src/move_distance_server.cpp:1[m[K:
[01m[K/opt/ros/melodic/include/ros/topic.h:135:28:[m[K [01;36m[Knote: [m[Kcandidate: template<class M> boost::shared_ptr<const M> ros::topic::waitForMessage(const string&, ros::NodeHandle&)
 boost::shared_ptr<M const> [01;36m[KwaitForMessage[m[K(const std::string& topic, ros::NodeHandle& nh)
                            [01;36m[K^~~~~~~~~~~~~~[m[K
[01m[K/opt/ros/melodic/include/ros/topic.h:135:28:[m[K [01;36m[Knote: [m[K  template argument deduction/substitution failed:
[01m[K/home/raghav/muvu/src/muvu_control/src/move_distance_server.cpp:12:75:[m[K [01;36m[Knote: [m[K  candidate expects 2 arguments, 1 provided
   nav_msgs::OdometryPtr current_odom=ros::topic::waitForMessage(odom_topic[01;36m[K)[m[K;
                                                                           [01;36m[K^[m[K
make[2]: *** [CMakeFiles/move_distance_server.dir/src/move_distance_server.cpp.o] Error 1
make[1]: *** [CMakeFiles/move_distance_server.dir/all] Error 2
make: *** [all] Error 2
