[01m[K/home/raghav/muvu/src/muvu_control/src/move_distance_server.cpp:[m[K In function â€˜[01m[Kvoid move_distance(muvu_control::MoveDistance::Request&, muvu_control::MoveDistance::Response&)[m[Kâ€™:
[01m[K/home/raghav/muvu/src/muvu_control/src/move_distance_server.cpp:10:77:[m[K [01;31m[Kerror: [m[Kno matching function for call to â€˜[01m[KwaitForMessage(const char [11])[m[Kâ€™
     geometry_msgs::Pose current_pose=ros::topic::waitForMessage("/muvu/odom"[01;31m[K)[m[K;
                                                                             [01;31m[K^[m[K
In file included from [01m[K/opt/ros/melodic/include/ros/ros.h:55:0[m[K,
                 from [01m[K/home/raghav/muvu/src/muvu_control/src/move_distance_server.cpp:1[m[K:
[01m[K/opt/ros/melodic/include/ros/topic.h:86:28:[m[K [01;36m[Knote: [m[Kcandidate: template<class M> boost::shared_ptr<const M> ros::topic::waitForMessage(const string&, ros::NodeHandle&, ros::Duration)
 boost::shared_ptr<M const> [01;36m[KwaitForMessage[m[K(const std::string& topic, NodeHandle& nh, ros::Duration timeout)
                            [01;36m[K^~~~~~~~~~~~~~[m[K
[01m[K/opt/ros/melodic/include/ros/topic.h:86:28:[m[K [01;36m[Knote: [m[K  template argument deduction/substitution failed:
[01m[K/home/raghav/muvu/src/muvu_control/src/move_distance_server.cpp:10:77:[m[K [01;36m[Knote: [m[K  candidate expects 3 arguments, 1 provided
     geometry_msgs::Pose current_pose=ros::topic::waitForMessage("/muvu/odom"[01;36m[K)[m[K;
                                                                             [01;36m[K^[m[K
In file included from [01m[K/opt/ros/melodic/include/ros/ros.h:55:0[m[K,
                 from [01m[K/home/raghav/muvu/src/muvu_control/src/move_distance_server.cpp:1[m[K:
[01m[K/opt/ros/melodic/include/ros/topic.h:105:28:[m[K [01;36m[Knote: [m[Kcandidate: template<class M> boost::shared_ptr<const M> ros::topic::waitForMessage(const string&)
 boost::shared_ptr<M const> [01;36m[KwaitForMessage[m[K(const std::string& topic)
                            [01;36m[K^~~~~~~~~~~~~~[m[K
[01m[K/opt/ros/melodic/include/ros/topic.h:105:28:[m[K [01;36m[Knote: [m[K  template argument deduction/substitution failed:
[01m[K/home/raghav/muvu/src/muvu_control/src/move_distance_server.cpp:10:77:[m[K [01;36m[Knote: [m[K  couldn't deduce template parameter â€˜[01m[KM[m[Kâ€™
     geometry_msgs::Pose current_pose=ros::topic::waitForMessage("/muvu/odom"[01;36m[K)[m[K;
                                                                             [01;36m[K^[m[K
In file included from [01m[K/opt/ros/melodic/include/ros/ros.h:55:0[m[K,
                 from [01m[K/home/raghav/muvu/src/muvu_control/src/move_distance_server.cpp:1[m[K:
[01m[K/opt/ros/melodic/include/ros/topic.h:120:28:[m[K [01;36m[Knote: [m[Kcandidate: template<class M> boost::shared_ptr<const M> ros::topic::waitForMessage(const string&, ros::Duration)
 boost::shared_ptr<M const> [01;36m[KwaitForMessage[m[K(const std::string& topic, ros::Duration timeout)
                            [01;36m[K^~~~~~~~~~~~~~[m[K
[01m[K/opt/ros/melodic/include/ros/topic.h:120:28:[m[K [01;36m[Knote: [m[K  template argument deduction/substitution failed:
[01m[K/home/raghav/muvu/src/muvu_control/src/move_distance_server.cpp:10:77:[m[K [01;36m[Knote: [m[K  candidate expects 2 arguments, 1 provided
     geometry_msgs::Pose current_pose=ros::topic::waitForMessage("/muvu/odom"[01;36m[K)[m[K;
                                                                             [01;36m[K^[m[K
In file included from [01m[K/opt/ros/melodic/include/ros/ros.h:55:0[m[K,
                 from [01m[K/home/raghav/muvu/src/muvu_control/src/move_distance_server.cpp:1[m[K:
[01m[K/opt/ros/melodic/include/ros/topic.h:135:28:[m[K [01;36m[Knote: [m[Kcandidate: template<class M> boost::shared_ptr<const M> ros::topic::waitForMessage(const string&, ros::NodeHandle&)
 boost::shared_ptr<M const> [01;36m[KwaitForMessage[m[K(const std::string& topic, ros::NodeHandle& nh)
                            [01;36m[K^~~~~~~~~~~~~~[m[K
[01m[K/opt/ros/melodic/include/ros/topic.h:135:28:[m[K [01;36m[Knote: [m[K  template argument deduction/substitution failed:
[01m[K/home/raghav/muvu/src/muvu_control/src/move_distance_server.cpp:10:77:[m[K [01;36m[Knote: [m[K  candidate expects 2 arguments, 1 provided
     geometry_msgs::Pose current_pose=ros::topic::waitForMessage("/muvu/odom"[01;36m[K)[m[K;
                                                                             [01;36m[K^[m[K
[01m[K/home/raghav/muvu/src/muvu_control/src/move_distance_server.cpp:11:29:[m[K [01;31m[Kerror: [m[Kâ€˜[01m[Kgeometry_msgs::Pose {aka struct geometry_msgs::Pose_<std::allocator<void> >}[m[Kâ€™ has no member named â€˜[01m[Kpose[m[Kâ€™; did you mean â€˜[01m[KPose_[m[Kâ€™?
     std::cout<<current_pose.[01;31m[Kpose[m[K.position.x<<std::endl;
                             [01;31m[K^~~~[m[K
                             [32m[KPose_[m[K
[01m[K/home/raghav/muvu/src/muvu_control/src/move_distance_server.cpp:[m[K At global scope:
[01m[K/home/raghav/muvu/src/muvu_control/src/move_distance_server.cpp:15:19:[m[K [01;31m[Kerror: [m[Kexpected â€˜[01m[K,[m[Kâ€™ or â€˜[01m[K...[m[Kâ€™ before â€˜[01m[Kchar[m[Kâ€™
 int main(int argc [01;31m[Kchar[m[K** argv)
                   [01;31m[K^~~~[m[K
[01m[K/home/raghav/muvu/src/muvu_control/src/move_distance_server.cpp:15:5:[m[K [01;35m[Kwarning: [m[Kâ€˜[01m[Kint main(int)[m[Kâ€™ takes only zero or two arguments [[01;35m[K-Wmain[m[K]
 int [01;35m[Kmain[m[K(int argc char** argv)
     [01;35m[K^~~~[m[K
[01m[K/home/raghav/muvu/src/muvu_control/src/move_distance_server.cpp:[m[K In function â€˜[01m[Kint main(int)[m[Kâ€™:
[01m[K/home/raghav/muvu/src/muvu_control/src/move_distance_server.cpp:17:19:[m[K [01;31m[Kerror: [m[Kâ€˜[01m[Kargv[m[Kâ€™ was not declared in this scope
   ros::init(argc, [01;31m[Kargv[m[K, "moved_distance_server");
                   [01;31m[K^~~~[m[K
[01m[K/home/raghav/muvu/src/muvu_control/src/move_distance_server.cpp:17:19:[m[K [01;36m[Knote: [m[Ksuggested alternative: â€˜[01m[Kargc[m[Kâ€™
   ros::init(argc, [01;36m[Kargv[m[K, "moved_distance_server");
                   [01;36m[K^~~~[m[K
                   [32m[Kargc[m[K
[01m[K/home/raghav/muvu/src/muvu_control/src/move_distance_server.cpp:20:30:[m[K [01;31m[Kerror: [m[Kexpected initializer before â€˜[01m[Kn[m[Kâ€™
   ros::ServiceServer service [01;31m[Kn[m[K.advertiseService("move_distance", move_distance);
                              [01;31m[K^[m[K
[01m[K/home/raghav/muvu/src/muvu_control/src/move_distance_server.cpp:21:3:[m[K [01;31m[Kerror: [m[Kâ€˜[01m[KROS[m[Kâ€™ has not been declared
   [01;31m[KROS[m[K::INFO("MOVING THE ROBOT");
   [01;31m[K^~~[m[K
make[2]: *** [CMakeFiles/move_distance_server.dir/src/move_distance_server.cpp.o] Error 1
make[1]: *** [CMakeFiles/move_distance_server.dir/all] Error 2
make: *** [all] Error 2
