[01m[K/home/raghav/muvu/src/muvu_control/src/move_distance_server.cpp:[m[K In member function â€˜[01m[Kbool Mover::move(muvu_control::MoveDistance::Request&, muvu_control::MoveDistance::Response&)[m[Kâ€™:
[01m[K/home/raghav/muvu/src/muvu_control/src/move_distance_server.cpp:105:7:[m[K [01;31m[Kerror: [m[Kexpected â€˜[01m[K;[m[Kâ€™ before â€˜[01m[Ktwist_publisher[m[Kâ€™
       [01;31m[Ktwist_publisher[m[K.publish(twist_message);
       [01;31m[K^~~~~~~~~~~~~~~[m[K
make[2]: *** [CMakeFiles/move_distance_server.dir/src/move_distance_server.cpp.o] Error 1
make[1]: *** [CMakeFiles/move_distance_server.dir/all] Error 2
make: *** [all] Error 2
