[01m[K/home/raghav/muvu/src/muvu_control/src/move_distance_server.cpp:[m[K In constructor â€˜[01m[KMover::Mover()[m[Kâ€™:
[01m[K/home/raghav/muvu/src/muvu_control/src/move_distance_server.cpp:19:19:[m[K [01;31m[Kerror: [m[Kâ€˜[01m[Knode[m[Kâ€™ was not declared in this scope
     move_server = [01;31m[Knode[m[K-handle.advertiseService("move_distance",
                   [01;31m[K^~~~[m[K
[01m[K/home/raghav/muvu/src/muvu_control/src/move_distance_server.cpp:19:19:[m[K [01;36m[Knote: [m[Ksuggested alternative: â€˜[01m[Kmove[m[Kâ€™
     move_server = [01;36m[Knode[m[K-handle.advertiseService("move_distance",
                   [01;36m[K^~~~[m[K
                   [32m[Kmove[m[K
[01m[K/home/raghav/muvu/src/muvu_control/src/move_distance_server.cpp:19:24:[m[K [01;31m[Kerror: [m[Kâ€˜[01m[Khandle[m[Kâ€™ was not declared in this scope
     move_server = node-[01;31m[Khandle[m[K.advertiseService("move_distance",
                        [01;31m[K^~~~~~[m[K
[01m[K/home/raghav/muvu/src/muvu_control/src/move_distance_server.cpp:19:24:[m[K [01;36m[Knote: [m[Ksuggested alternative: â€˜[01m[Krand_r[m[Kâ€™
     move_server = node-[01;36m[Khandle[m[K.advertiseService("move_distance",
                        [01;36m[K^~~~~~[m[K
                        [32m[Krand_r[m[K
[01m[K/home/raghav/muvu/src/muvu_control/src/move_distance_server.cpp:[m[K In function â€˜[01m[Kint main(int, char**)[m[Kâ€™:
[01m[K/home/raghav/muvu/src/muvu_control/src/move_distance_server.cpp:43:16:[m[K [01;31m[Kerror: [m[Kâ€˜[01m[Kn[m[Kâ€™ was not declared in this scope
   Mover mover(&[01;31m[Kn[m[K);
                [01;31m[K^[m[K
[01m[K/home/raghav/muvu/src/muvu_control/src/move_distance_server.cpp:43:16:[m[K [01;36m[Knote: [m[Ksuggested alternative: â€˜[01m[Kyn[m[Kâ€™
   Mover mover(&[01;36m[Kn[m[K);
                [01;36m[K^[m[K
                [32m[Kyn[m[K
make[2]: *** [CMakeFiles/move_distance_server.dir/src/move_distance_server.cpp.o] Error 1
make[1]: *** [CMakeFiles/move_distance_server.dir/all] Error 2
make: *** [all] Error 2
